#
# A fatal error has been detected by the Java Runtime Environment:
#
#  EXCEPTION_ACCESS_VIOLATION (0xc0000005) at pc=0x6ea3206b, pid=388, tid=2580
#
# JRE version: Java(TM) SE Runtime Environment (8.0_65-b17) (build 1.8.0_65-b17)
# Java VM: Java HotSpot(TM) Client VM (25.65-b01 mixed mode, sharing windows-x86 )
# Problematic frame:
# V  [jvm.dll+0xe206b]
#
# Failed to write core dump. Minidumps are not enabled by default on client versions of Windows
#
# If you would like to submit a bug report, please visit:
#   http://bugreport.java.com/bugreport/crash.jsp
#

---------------  T H R E A D  ---------------

Current thread (0x02e52c00):  JavaThread "main" [_thread_in_vm, id=2580, stack(0x02900000,0x02950000)]

siginfo: ExceptionCode=0xc0000005, reading address 0x00000000

Registers:
EAX=0x00000000, EBX=0x02e52c00, ECX=0x02e52c00, EDX=0x00000637
ESP=0x0294f8b0, EBP=0x0294f8f8, ESI=0x00000000, EDI=0x02e52d40
EIP=0x6ea3206b, EFLAGS=0x00010246

Top of Stack: (sp=0x0294f8b0)
0x0294f8b0:   02e52c00 15be08f8 15be08f8 6e956e24
0x0294f8c0:   02e52c00 0294fa48 0294f8f8 6ea3574c
0x0294f8d0:   02e52c00 00000006 00000004 02e52c00
0x0294f8e0:   15be08f8 15be08f8 02e52c00 02e53650
0x0294f8f0:   00000637 6ec2f010 0294f928 679c1cac
0x0294f900:   02e52d40 02e799d8 00000000 0294f93c
0x0294f910:   02e799d8 0294f9b0 0294f93c 02e52d40
0x0294f920:   02e52c00 15be08f8 0294f968 679c131f 

Instructions: (pc=0x6ea3206b)
0x6ea3204b:   f2 ff 83 c4 08 83 7b 04 00 89 5d f0 c7 45 f4 00
0x6ea3205b:   00 00 00 74 08 8d 4d f0 e8 d8 37 0c 00 8b 75 10
0x6ea3206b:   8b 06 c7 45 e0 0a 00 00 00 8b 40 04 0f b7 48 1a
0x6ea3207b:   8b 50 08 8b 44 8a 2c 50 8d 4d c4 e8 15 e9 08 00 


Register to memory mapping:

EAX=0x00000000 is an unknown value
EBX=0x02e52c00 is a thread
ECX=0x02e52c00 is a thread
EDX=0x00000637 is an unknown value
ESP=0x0294f8b0 is pointing into the stack for thread: 0x02e52c00
EBP=0x0294f8f8 is pointing into the stack for thread: 0x02e52c00
ESI=0x00000000 is an unknown value
EDI=0x02e52d40 is an unknown value


Stack: [0x02900000,0x02950000],  sp=0x0294f8b0,  free space=318k
Native frames: (J=compiled Java code, j=interpreted, Vv=VM code, C=native code)
V  [jvm.dll+0xe206b]
C  [libtest_struct.dll+0x1cac]
C  [libtest_struct.dll+0x131f]
j  jni_struct.Date.printDate()V+0
j  jni_struct.Date$TestDate.main([Ljava/lang/String;)V+60
v  ~StubRoutines::call_stub
V  [jvm.dll+0x158985]
V  [jvm.dll+0x21df3e]
V  [jvm.dll+0x158a1e]
V  [jvm.dll+0xdaac7]
V  [jvm.dll+0xe305f]
C  [javaw.exe+0x229a]
C  [javaw.exe+0xaebf]
C  [javaw.exe+0xaf49]
C  [KERNEL32.DLL+0x17c04]
C  [ntdll.dll+0x5ad5f]
C  [ntdll.dll+0x5ad2a]
C  0x00000000

Java frames: (J=compiled Java code, j=interpreted, Vv=VM code)
j  jni_struct.Date.printDate()V+0
j  jni_struct.Date$TestDate.main([Ljava/lang/String;)V+60
v  ~StubRoutines::call_stub

---------------  P R O C E S S  ---------------

Java Threads: ( => current thread )
  0x15234c00 JavaThread "Service Thread" daemon [_thread_blocked, id=3296, stack(0x15ee0000,0x15f30000)]
  0x02ef2800 JavaThread "C1 CompilerThread0" daemon [_thread_blocked, id=4268, stack(0x15e50000,0x15ea0000)]
  0x02ef1400 JavaThread "Attach Listener" daemon [_thread_blocked, id=6512, stack(0x05180000,0x051d0000)]
  0x15210800 JavaThread "Signal Dispatcher" daemon [_thread_blocked, id=6276, stack(0x050f0000,0x05140000)]
  0x02e7dc00 JavaThread "Finalizer" daemon [_thread_blocked, id=6592, stack(0x03020000,0x03070000)]
  0x02e7c400 JavaThread "Reference Handler" daemon [_thread_blocked, id=6884, stack(0x02f90000,0x02fe0000)]
=>0x02e52c00 JavaThread "main" [_thread_in_vm, id=2580, stack(0x02900000,0x02950000)]

Other Threads:
  0x02e78400 VMThread [stack: 0x02f00000,0x02f50000] [id=6944]
  0x15289000 WatcherThread [stack: 0x15f70000,0x15fc0000] [id=4572]

VM state:not at safepoint (normal execution)

VM Mutex/Monitor currently owned by a thread: None

Heap:
 def new generation   total 4928K, used 781K [0x05200000, 0x05750000, 0x0a750000)
  eden space 4416K,  17% used [0x05200000, 0x052c3570, 0x05650000)
  from space 512K,   0% used [0x05650000, 0x05650000, 0x056d0000)
  to   space 512K,   0% used [0x056d0000, 0x056d0000, 0x05750000)
 tenured generation   total 10944K, used 0K [0x0a750000, 0x0b200000, 0x15200000)
   the space 10944K,   0% used [0x0a750000, 0x0a750000, 0x0a750200, 0x0b200000)
 Metaspace       used 84K, capacity 2244K, committed 2368K, reserved 4480K

Card table byte_map: [0x02d30000,0x02dc0000] byte_map_base: 0x02d07000

Polling page: 0x00e10000

CodeCache: size=32768Kb used=674Kb max_used=674Kb free=32093Kb
 bounds [0x030b0000, 0x03160000, 0x050b0000]
 total_blobs=156 nmethods=17 adapters=71
 compilation: enabled

Compilation events (10 events):
Event: 0.083 Thread 0x02ef2800   13             java.lang.CharacterDataLatin1::toLowerCase (39 bytes)
Event: 0.083 Thread 0x02ef2800 nmethod 13 0x031569c8 code [0x03156ac0, 0x03156ba0]
Event: 0.083 Thread 0x02ef2800   14             java.lang.String::toLowerCase (439 bytes)
Event: 0.084 Thread 0x02ef2800 nmethod 14 0x03156c88 code [0x03156e90, 0x03157680]
Event: 0.084 Thread 0x02ef2800   15             java.lang.String::lastIndexOf (52 bytes)
Event: 0.085 Thread 0x02ef2800 nmethod 15 0x031580c8 code [0x031581d0, 0x031582dc]
Event: 0.085 Thread 0x02ef2800   16             java.lang.AbstractStringBuilder::ensureCapacityInternal (16 bytes)
Event: 0.085 Thread 0x02ef2800 nmethod 16 0x031583c8 code [0x031584d0, 0x0315857c]
Event: 0.085 Thread 0x02ef2800   17             java.lang.AbstractStringBuilder::append (29 bytes)
Event: 0.085 Thread 0x02ef2800 nmethod 17 0x03158608 code [0x03158710, 0x031587fc]

GC Heap History (0 events):
No events

Deoptimization events (0 events):
No events

Internal exceptions (5 events):
Event: 0.026 Thread 0x02e52c00 Exception <a 'java/lang/NoSuchMethodError': Method sun.misc.Unsafe.defineClass(Ljava/lang/String;[BII)Ljava/lang/Class; name or signature does not match> (0x05211448) thrown at [C:\re\workspace\8-2-build-windows-i586-cygwin\jdk8u65\4987\hotspot\src\share\vËtœ¾š?
Event: 0.026 Thread 0x02e52c00 Exception <a 'java/lang/NoSuchMethodError': Method sun.misc.Unsafe.prefetchRead(Ljava/lang/Object;J)V name or signature does not match> (0x05211718) thrown at [C:\re\workspace\8-2-build-windows-i586-cygwin\jdk8u65\4987\hotspot\src\share\vm\prims\jni.cpp, lÞmÈú#¹?
Event: 0.098 Thread 0x02e52c00 Exception <a 'java/lang/NoSuchMethodError': getMonth> (0x052c2580) thrown at [C:\re\workspace\8-2-build-windows-i586-cygwin\jdk8u65\4987\hotspot\src\share\vm\prims\jni.cpp, line 1591]
Event: 0.098 Thread 0x02e52c00 Exception <a 'java/lang/NoSuchMethodError': getDay> (0x052c27a8) thrown at [C:\re\workspace\8-2-build-windows-i586-cygwin\jdk8u65\4987\hotspot\src\share\vm\prims\jni.cpp, line 1591]
Event: 0.098 Thread 0x02e52c00 Exception <a 'java/lang/NoSuchMethodError': getYear> (0x052c29d8) thrown at [C:\re\workspace\8-2-build-windows-i586-cygwin\jdk8u65\4987\hotspot\src\share\vm\prims\jni.cpp, line 1591]

Events (10 events):
Event: 0.079 loading class sun/nio/cs/ThreadLocalCoders$1
Event: 0.079 loading class sun/nio/cs/ThreadLocalCoders$Cache
Event: 0.079 loading class sun/nio/cs/ThreadLocalCoders$Cache done
Event: 0.079 loading class sun/nio/cs/ThreadLocalCoders$1 done
Event: 0.079 loading class sun/nio/cs/ThreadLocalCoders$2
Event: 0.079 loading class sun/nio/cs/ThreadLocalCoders$2 done
Event: 0.085 loading class sun/misc/URLClassPath$FileLoader$1
Event: 0.085 loading class sun/misc/URLClassPath$FileLoader$1 done
Event: 0.088 loading class jni_struct/Date
Event: 0.088 loading class jni_struct/Date done


Dynamic libraries:
0x002d0000 - 0x00303000 	C:\Program Files (x86)\Java\jre1.8.0_65\bin\javaw.exe
0x77390000 - 0x774fe000 	C:\Windows\SYSTEM32\ntdll.dll
0x76d10000 - 0x76e50000 	C:\Windows\SYSTEM32\KERNEL32.DLL
0x75410000 - 0x754e7000 	C:\Windows\SYSTEM32\KERNELBASE.dll
0x73490000 - 0x73530000 	C:\Windows\system32\apphelp.dll
0x60200000 - 0x60466000 	C:\Windows\AppPatch\AcGenral.DLL
0x76880000 - 0x76943000 	C:\Windows\SYSTEM32\msvcrt.dll
0x74d10000 - 0x74d51000 	C:\Windows\SYSTEM32\sechost.dll
0x74b80000 - 0x74b9e000 	C:\Windows\SYSTEM32\SspiCli.dll
0x76b30000 - 0x76b75000 	C:\Windows\SYSTEM32\SHLWAPI.dll
0x73560000 - 0x7364d000 	C:\Windows\SYSTEM32\UxTheme.dll
0x752b0000 - 0x75403000 	C:\Windows\SYSTEM32\USER32.dll
0x74d60000 - 0x74e6f000 	C:\Windows\SYSTEM32\GDI32.dll
0x73190000 - 0x731b3000 	C:\Windows\SYSTEM32\WINMM.dll
0x717b0000 - 0x717c3000 	C:\Windows\SYSTEM32\samcli.dll
0x76ba0000 - 0x76cc9000 	C:\Windows\SYSTEM32\ole32.dll
0x76a10000 - 0x76aa5000 	C:\Windows\SYSTEM32\OLEAUT32.dll
0x71a10000 - 0x71a27000 	C:\Windows\SYSTEM32\MSACM32.dll
0x74970000 - 0x74978000 	C:\Windows\SYSTEM32\VERSION.dll
0x75510000 - 0x767cc000 	C:\Windows\SYSTEM32\SHELL32.dll
0x74470000 - 0x7448b000 	C:\Windows\SYSTEM32\USERENV.dll
0x73540000 - 0x7355a000 	C:\Windows\SYSTEM32\dwmapi.dll
0x6fe80000 - 0x6ffcb000 	C:\Windows\SYSTEM32\urlmon.dll
0x76ab0000 - 0x76b2c000 	C:\Windows\SYSTEM32\ADVAPI32.dll
0x746d0000 - 0x74735000 	C:\Windows\SYSTEM32\WINSPOOL.DRV
0x6e170000 - 0x6e186000 	C:\Windows\SYSTEM32\MPR.dll
0x76fe0000 - 0x7709a000 	C:\Windows\SYSTEM32\RPCRT4.dll
0x74b70000 - 0x74b7a000 	C:\Windows\SYSTEM32\CRYPTBASE.dll
0x75130000 - 0x752ad000 	C:\Windows\SYSTEM32\combase.dll
0x73160000 - 0x73183000 	C:\Windows\SYSTEM32\WINMMBASE.dll
0x743c0000 - 0x743cf000 	C:\Windows\SYSTEM32\profapi.dll
0x74490000 - 0x746c2000 	C:\Windows\SYSTEM32\iertutil.dll
0x74770000 - 0x74963000 	C:\Windows\SYSTEM32\WININET.dll
0x74b10000 - 0x74b64000 	C:\Windows\SYSTEM32\bcryptPrimitives.dll
0x74fd0000 - 0x7500c000 	C:\Windows\SYSTEM32\cfgmgr32.dll
0x742a0000 - 0x742c1000 	C:\Windows\SYSTEM32\DEVOBJ.dll
0x74330000 - 0x743bb000 	C:\Windows\SYSTEM32\SHCORE.DLL
0x74fa0000 - 0x74fc7000 	C:\Windows\system32\IMM32.DLL
0x74e70000 - 0x74f82000 	C:\Windows\SYSTEM32\MSCTF.dll
0x731c0000 - 0x733c6000 	C:\Windows\WinSxS\x86_microsoft.windows.common-controls_6595b64144ccf1df_6.0.9600.18006_none_a9ec6aab013aafee\COMCTL32.dll
0x73760000 - 0x739e4000 	C:\Windows\pcdrm\NSCCOR03.DLL
0x6e280000 - 0x6e33f000 	C:\Program Files (x86)\Java\jre1.8.0_65\bin\MSVCR100.dll
0x76960000 - 0x76966000 	C:\Windows\SYSTEM32\psapi.dll
0x73db0000 - 0x73dd8000 	C:\Windows\SYSTEM32\ntmarta.dll
0x73680000 - 0x73693000 	C:\Windows\pcdrm\NBID.dll
0x73660000 - 0x7367d000 	C:\Windows\pcdrm\NFD01.dll
0x6e950000 - 0x6ed14000 	C:\Program Files (x86)\Java\jre1.8.0_65\bin\client\jvm.dll
0x70050000 - 0x70058000 	C:\Windows\SYSTEM32\WSOCK32.dll
0x76830000 - 0x76880000 	C:\Windows\SYSTEM32\WS2_32.dll
0x754f0000 - 0x754f7000 	C:\Windows\SYSTEM32\NSI.dll
0x6f8c0000 - 0x6f8cc000 	C:\Program Files (x86)\Java\jre1.8.0_65\bin\verify.dll
0x6f890000 - 0x6f8b1000 	C:\Program Files (x86)\Java\jre1.8.0_65\bin\java.dll
0x6f870000 - 0x6f883000 	C:\Program Files (x86)\Java\jre1.8.0_65\bin\zip.dll
0x679c0000 - 0x679e2000 	C:\Users\ChoiDM\workspace\test_struct\Debug\libtest_struct.dll
0x03070000 - 0x03092000 	C:\MinGW\bin\libgcc_s_dw2-1.dll
0x6fc40000 - 0x6fd3a000 	C:\MinGW\bin\libstdc++-6.dll
0x6be40000 - 0x6bf81000 	C:\Windows\SYSTEM32\dbghelp.dll

VM Arguments:
jvm_args: -Djava.library.path=C:\Users\ChoiDM\workspace\test_struct\Debug -Dfile.encoding=UTF-8 
java_command: jni_struct.Date$TestDate
java_class_path (initial): C:\Users\ChoiDM\workspace\jni_struct\bin
Launcher Type: SUN_STANDARD

Environment Variables:
JAVA_HOME=C:\Program Files\Java\jre1.8.0_65\bin
PATH=C:/Program Files (x86)/Java/jre1.8.0_65/bin/client;C:/Program Files (x86)/Java/jre1.8.0_65/bin;C:/Program Files (x86)/Java/jre1.8.0_65/lib/i386;C:\ProgramData\Oracle\Java\javapath;C:\Windows\system32;C:\Windows;C:\Windows\System32\Wbem;C:\Windows\System32\WindowsPowerShell\v1.0\;C:\Program Files (x86)\Windows Kits\8.1\Windows Performance Toolkit\;C:\Program Files\Microsoft SQL Server\110\Tools\Binn\;C:\Program Files (x86)\Git\cmd;C:\Program Files\Common Files\Autodesk Shared\;C:\Users\ChoiDM\GTKwave\bin;C:\MinGW\bin;C:\Program Files\Java\jdk1.8.0_40\bin;C:\ProgramData\Oracle\Java\javapath;C:\Windows\system32;C:\Windows;C:\Windows\System32\Wbem;C:\Windows\System32\WindowsPowerShell\v1.0\;C:\Program Files (x86)\Windows Kits\8.1\Windows Performance Toolkit\;C:\Program Files\Microsoft SQL Server\110\Tools\Binn\;C:\Program Files (x86)\Git\cmd;C:\Program Files\Common Files\Autodesk Shared\;C:\Users\ChoiDM\GTKwave\bin;C:\MinGW\bin;C:\Program Files\Java\jdk1.8.0_40\bin;C:\Users\ChoiDM\Desktop\eclipse PDE;
USERNAME=ChoiDM
OS=Windows_NT
PROCESSOR_IDENTIFIER=Intel64 Family 6 Model 69 Stepping 1, GenuineIntel



---------------  S Y S T E M  ---------------

OS: Windows 8.1 , 64 bit Build 9600 (6.3.9600.17415)

CPU:total 4 (2 cores per cpu, 2 threads per core) family 6 model 69 stepping 1, cmov, cx8, fxsr, mmx, sse, sse2, sse3, ssse3, sse4.1, sse4.2, popcnt, avx, avx2, aes, clmul, erms, lzcnt, ht, tsc, tscinvbit, bmi1, bmi2

Memory: 4k page, physical 4108364k(897484k free), swap 7123020k(1782436k free)

vm_info: Java HotSpot(TM) Client VM (25.65-b01) for windows-x86 JRE (1.8.0_65-b17), built on Oct  6 2015 17:26:22 by "java_re" with MS VC++ 10.0 (VS2010)

time: Tue Jan 05 14:17:39 2016
elapsed time: 0 seconds (0d 0h 0m 0s)

