#
# A fatal error has been detected by the Java Runtime Environment:
#
#  EXCEPTION_ACCESS_VIOLATION (0xc0000005) at pc=0x6ea2caeb, pid=5588, tid=296
#
# JRE version: Java(TM) SE Runtime Environment (8.0_65-b17) (build 1.8.0_65-b17)
# Java VM: Java HotSpot(TM) Client VM (25.65-b01 mixed mode, sharing windows-x86 )
# Problematic frame:
# V  [jvm.dll+0xdcaeb]
#
# Failed to write core dump. Minidumps are not enabled by default on client versions of Windows
#
# If you would like to submit a bug report, please visit:
#   http://bugreport.java.com/bugreport/crash.jsp
#

---------------  T H R E A D  ---------------

Current thread (0x02562c00):  JavaThread "main" [_thread_in_vm, id=296, stack(0x01e40000,0x01e90000)]

siginfo: ExceptionCode=0xc0000005, reading address 0x00000000

Registers:
EAX=0x00000000, EBX=0x02562d40, ECX=0x02562c00, EDX=0x00000637
ESP=0x01e8f680, EBP=0x01e8f6c8, ESI=0x02562c00, EDI=0x00000000
EIP=0x6ea2caeb, EFLAGS=0x00010246

Top of Stack: (sp=0x01e8f680)
0x01e8f680:   02562c00 14a308f8 14a308f8 6e956e24
0x01e8f690:   02562c00 01e8f818 01e8f6c8 6ea3574c
0x01e8f6a0:   02562c00 00000006 00000004 02562c00
0x01e8f6b0:   14a308f8 14a308f8 02562c00 02563650
0x01e8f6c0:   00000637 6ec2f010 01e8f6f8 679c1c84
0x01e8f6d0:   02562d40 01e8f780 00000000 01e8f70c
0x01e8f6e0:   025899d8 01e8f780 01e8f70c 02562d40
0x01e8f6f0:   02562c00 14a308f8 01e8f738 679c131f 

Instructions: (pc=0x6ea2caeb)
0x6ea2cacb:   f2 ff 83 c4 08 83 7e 04 00 89 75 f0 c7 45 f4 00
0x6ea2cadb:   00 00 00 74 08 8d 4d f0 e8 58 8d 0c 00 8b 7d 10
0x6ea2caeb:   8b 07 c7 45 e0 0a 00 00 00 8b 40 04 0f b7 48 1a
0x6ea2cafb:   8b 50 08 8b 44 8a 2c 50 8d 4d c4 e8 95 3e 09 00 


Register to memory mapping:

EAX=0x00000000 is an unknown value
EBX=0x02562d40 is an unknown value
ECX=0x02562c00 is a thread
EDX=0x00000637 is an unknown value
ESP=0x01e8f680 is pointing into the stack for thread: 0x02562c00
EBP=0x01e8f6c8 is pointing into the stack for thread: 0x02562c00
ESI=0x02562c00 is a thread
EDI=0x00000000 is an unknown value


Stack: [0x01e40000,0x01e90000],  sp=0x01e8f680,  free space=317k
Native frames: (J=compiled Java code, j=interpreted, Vv=VM code, C=native code)
V  [jvm.dll+0xdcaeb]
C  [libtest_struct.dll+0x1c84]
C  [libtest_struct.dll+0x131f]
j  jni_struct.Date.printDate()V+0
j  jni_struct.Date$TestDate.main([Ljava/lang/String;)V+60
v  ~StubRoutines::call_stub
V  [jvm.dll+0x158985]
V  [jvm.dll+0x21df3e]
V  [jvm.dll+0x158a1e]
V  [jvm.dll+0xdaac7]
V  [jvm.dll+0xe305f]
C  [javaw.exe+0x229a]
C  [javaw.exe+0xaebf]
C  [javaw.exe+0xaf49]
C  [KERNEL32.DLL+0x17c04]
C  [ntdll.dll+0x5ad5f]
C  [ntdll.dll+0x5ad2a]
C  0x00000000

Java frames: (J=compiled Java code, j=interpreted, Vv=VM code)
j  jni_struct.Date.printDate()V+0
j  jni_struct.Date$TestDate.main([Ljava/lang/String;)V+60
v  ~StubRoutines::call_stub

---------------  P R O C E S S  ---------------

Java Threads: ( => current thread )
  0x0260ac00 JavaThread "Service Thread" daemon [_thread_blocked, id=6676, stack(0x159b0000,0x15a00000)]
  0x02602400 JavaThread "C1 CompilerThread0" daemon [_thread_blocked, id=7124, stack(0x15360000,0x153b0000)]
  0x02601400 JavaThread "Attach Listener" daemon [_thread_blocked, id=6540, stack(0x152d0000,0x15320000)]
  0x15010800 JavaThread "Signal Dispatcher" daemon [_thread_blocked, id=4908, stack(0x15240000,0x15290000)]
  0x02591400 JavaThread "Finalizer" daemon [_thread_blocked, id=6764, stack(0x047b0000,0x04800000)]
  0x0258c400 JavaThread "Reference Handler" daemon [_thread_blocked, id=2724, stack(0x02700000,0x02750000)]
=>0x02562c00 JavaThread "main" [_thread_in_vm, id=296, stack(0x01e40000,0x01e90000)]

Other Threads:
  0x02588400 VMThread [stack: 0x02670000,0x026c0000] [id=1020]
  0x0260e800 WatcherThread [stack: 0x15a40000,0x15a90000] [id=4428]

VM state:not at safepoint (normal execution)

VM Mutex/Monitor currently owned by a thread: None

Heap:
 def new generation   total 4928K, used 781K [0x04800000, 0x04d50000, 0x09d50000)
  eden space 4416K,  17% used [0x04800000, 0x048c3570, 0x04c50000)
  from space 512K,   0% used [0x04c50000, 0x04c50000, 0x04cd0000)
  to   space 512K,   0% used [0x04cd0000, 0x04cd0000, 0x04d50000)
 tenured generation   total 10944K, used 0K [0x09d50000, 0x0a800000, 0x14800000)
   the space 10944K,   0% used [0x09d50000, 0x09d50000, 0x09d50200, 0x0a800000)
 Metaspace       used 84K, capacity 2244K, committed 2368K, reserved 4480K

Card table byte_map: [0x02440000,0x024d0000] byte_map_base: 0x0241c000

Polling page: 0x00530000

CodeCache: size=32768Kb used=674Kb max_used=674Kb free=32093Kb
 bounds [0x02770000, 0x02820000, 0x04770000]
 total_blobs=156 nmethods=17 adapters=71
 compilation: enabled

Compilation events (10 events):
Event: 0.084 Thread 0x02602400   13             java.lang.CharacterDataLatin1::toLowerCase (39 bytes)
Event: 0.084 Thread 0x02602400 nmethod 13 0x028169c8 code [0x02816ac0, 0x02816ba0]
Event: 0.084 Thread 0x02602400   14             java.lang.String::toLowerCase (439 bytes)
Event: 0.085 Thread 0x02602400 nmethod 14 0x02816c88 code [0x02816e90, 0x02817680]
Event: 0.085 Thread 0x02602400   15             java.lang.String::lastIndexOf (52 bytes)
Event: 0.085 Thread 0x02602400 nmethod 15 0x028180c8 code [0x028181d0, 0x028182dc]
Event: 0.085 Thread 0x02602400   16             java.lang.AbstractStringBuilder::ensureCapacityInternal (16 bytes)
Event: 0.086 Thread 0x02602400 nmethod 16 0x028183c8 code [0x028184d0, 0x0281857c]
Event: 0.086 Thread 0x02602400   17             java.lang.AbstractStringBuilder::append (29 bytes)
Event: 0.086 Thread 0x02602400 nmethod 17 0x02818608 code [0x02818710, 0x028187fc]

GC Heap History (0 events):
No events

Deoptimization events (0 events):
No events

Internal exceptions (5 events):
Event: 0.027 Thread 0x02562c00 Exception <a 'java/lang/NoSuchMethodError': Method sun.misc.Unsafe.defineClass(Ljava/lang/String;[BII)Ljava/lang/Class; name or signature does not match> (0x04811448) thrown at [C:\re\workspace\8-2-build-windows-i586-cygwin\jdk8u65\4987\hotspot\src\share\vÏ$œQç›?
Event: 0.027 Thread 0x02562c00 Exception <a 'java/lang/NoSuchMethodError': Method sun.misc.Unsafe.prefetchRead(Ljava/lang/Object;J)V name or signature does not match> (0x04811718) thrown at [C:\re\workspace\8-2-build-windows-i586-cygwin\jdk8u65\4987\hotspot\src\share\vm\prims\jni.cpp, lôT‘T£Uº?
Event: 0.103 Thread 0x02562c00 Exception <a 'java/lang/NoSuchMethodError': getMonth> (0x048c2580) thrown at [C:\re\workspace\8-2-build-windows-i586-cygwin\jdk8u65\4987\hotspot\src\share\vm\prims\jni.cpp, line 1591]
Event: 0.103 Thread 0x02562c00 Exception <a 'java/lang/NoSuchMethodError': getDay> (0x048c27a8) thrown at [C:\re\workspace\8-2-build-windows-i586-cygwin\jdk8u65\4987\hotspot\src\share\vm\prims\jni.cpp, line 1591]
Event: 0.103 Thread 0x02562c00 Exception <a 'java/lang/NoSuchMethodError': getYear> (0x048c29d8) thrown at [C:\re\workspace\8-2-build-windows-i586-cygwin\jdk8u65\4987\hotspot\src\share\vm\prims\jni.cpp, line 1591]

Events (10 events):
Event: 0.080 loading class sun/nio/cs/ThreadLocalCoders$1
Event: 0.080 loading class sun/nio/cs/ThreadLocalCoders$Cache
Event: 0.080 loading class sun/nio/cs/ThreadLocalCoders$Cache done
Event: 0.080 loading class sun/nio/cs/ThreadLocalCoders$1 done
Event: 0.080 loading class sun/nio/cs/ThreadLocalCoders$2
Event: 0.080 loading class sun/nio/cs/ThreadLocalCoders$2 done
Event: 0.086 loading class sun/misc/URLClassPath$FileLoader$1
Event: 0.086 loading class sun/misc/URLClassPath$FileLoader$1 done
Event: 0.090 loading class jni_struct/Date
Event: 0.090 loading class jni_struct/Date done


Dynamic libraries:
0x002d0000 - 0x00303000 	C:\Program Files (x86)\Java\jre1.8.0_65\bin\javaw.exe
0x77390000 - 0x774fe000 	C:\Windows\SYSTEM32\ntdll.dll
0x76d10000 - 0x76e50000 	C:\Windows\SYSTEM32\KERNEL32.DLL
0x75410000 - 0x754e7000 	C:\Windows\SYSTEM32\KERNELBASE.dll
0x73490000 - 0x73530000 	C:\Windows\system32\apphelp.dll
0x60200000 - 0x60466000 	C:\Windows\AppPatch\AcGenral.DLL
0x76880000 - 0x76943000 	C:\Windows\SYSTEM32\msvcrt.dll
0x74d10000 - 0x74d51000 	C:\Windows\SYSTEM32\sechost.dll
0x74b80000 - 0x74b9e000 	C:\Windows\SYSTEM32\SspiCli.dll
0x76b30000 - 0x76b75000 	C:\Windows\SYSTEM32\SHLWAPI.dll
0x73560000 - 0x7364d000 	C:\Windows\SYSTEM32\UxTheme.dll
0x752b0000 - 0x75403000 	C:\Windows\SYSTEM32\USER32.dll
0x74d60000 - 0x74e6f000 	C:\Windows\SYSTEM32\GDI32.dll
0x73190000 - 0x731b3000 	C:\Windows\SYSTEM32\WINMM.dll
0x717b0000 - 0x717c3000 	C:\Windows\SYSTEM32\samcli.dll
0x76ba0000 - 0x76cc9000 	C:\Windows\SYSTEM32\ole32.dll
0x76a10000 - 0x76aa5000 	C:\Windows\SYSTEM32\OLEAUT32.dll
0x71a10000 - 0x71a27000 	C:\Windows\SYSTEM32\MSACM32.dll
0x74970000 - 0x74978000 	C:\Windows\SYSTEM32\VERSION.dll
0x75510000 - 0x767cc000 	C:\Windows\SYSTEM32\SHELL32.dll
0x74470000 - 0x7448b000 	C:\Windows\SYSTEM32\USERENV.dll
0x73540000 - 0x7355a000 	C:\Windows\SYSTEM32\dwmapi.dll
0x6fe80000 - 0x6ffcb000 	C:\Windows\SYSTEM32\urlmon.dll
0x76ab0000 - 0x76b2c000 	C:\Windows\SYSTEM32\ADVAPI32.dll
0x746d0000 - 0x74735000 	C:\Windows\SYSTEM32\WINSPOOL.DRV
0x6e170000 - 0x6e186000 	C:\Windows\SYSTEM32\MPR.dll
0x76fe0000 - 0x7709a000 	C:\Windows\SYSTEM32\RPCRT4.dll
0x74b70000 - 0x74b7a000 	C:\Windows\SYSTEM32\CRYPTBASE.dll
0x75130000 - 0x752ad000 	C:\Windows\SYSTEM32\combase.dll
0x73160000 - 0x73183000 	C:\Windows\SYSTEM32\WINMMBASE.dll
0x743c0000 - 0x743cf000 	C:\Windows\SYSTEM32\profapi.dll
0x74490000 - 0x746c2000 	C:\Windows\SYSTEM32\iertutil.dll
0x74770000 - 0x74963000 	C:\Windows\SYSTEM32\WININET.dll
0x74b10000 - 0x74b64000 	C:\Windows\SYSTEM32\bcryptPrimitives.dll
0x74fd0000 - 0x7500c000 	C:\Windows\SYSTEM32\cfgmgr32.dll
0x742a0000 - 0x742c1000 	C:\Windows\SYSTEM32\DEVOBJ.dll
0x74330000 - 0x743bb000 	C:\Windows\SYSTEM32\SHCORE.DLL
0x74fa0000 - 0x74fc7000 	C:\Windows\system32\IMM32.DLL
0x74e70000 - 0x74f82000 	C:\Windows\SYSTEM32\MSCTF.dll
0x731c0000 - 0x733c6000 	C:\Windows\WinSxS\x86_microsoft.windows.common-controls_6595b64144ccf1df_6.0.9600.18006_none_a9ec6aab013aafee\COMCTL32.dll
0x73760000 - 0x739e4000 	C:\Windows\pcdrm\NSCCOR03.DLL
0x6e280000 - 0x6e33f000 	C:\Program Files (x86)\Java\jre1.8.0_65\bin\MSVCR100.dll
0x76960000 - 0x76966000 	C:\Windows\SYSTEM32\psapi.dll
0x73db0000 - 0x73dd8000 	C:\Windows\SYSTEM32\ntmarta.dll
0x73680000 - 0x73693000 	C:\Windows\pcdrm\NBID.dll
0x73660000 - 0x7367d000 	C:\Windows\pcdrm\NFD01.dll
0x6e950000 - 0x6ed14000 	C:\Program Files (x86)\Java\jre1.8.0_65\bin\client\jvm.dll
0x70050000 - 0x70058000 	C:\Windows\SYSTEM32\WSOCK32.dll
0x76830000 - 0x76880000 	C:\Windows\SYSTEM32\WS2_32.dll
0x754f0000 - 0x754f7000 	C:\Windows\SYSTEM32\NSI.dll
0x6f8c0000 - 0x6f8cc000 	C:\Program Files (x86)\Java\jre1.8.0_65\bin\verify.dll
0x6f890000 - 0x6f8b1000 	C:\Program Files (x86)\Java\jre1.8.0_65\bin\java.dll
0x6f870000 - 0x6f883000 	C:\Program Files (x86)\Java\jre1.8.0_65\bin\zip.dll
0x679c0000 - 0x679e2000 	C:\Users\ChoiDM\workspace\test_struct\Debug\libtest_struct.dll
0x15a90000 - 0x15ab2000 	C:\MinGW\bin\libgcc_s_dw2-1.dll
0x6fc40000 - 0x6fd3a000 	C:\MinGW\bin\libstdc++-6.dll
0x6be40000 - 0x6bf81000 	C:\Windows\SYSTEM32\dbghelp.dll

VM Arguments:
jvm_args: -Djava.library.path=C:\Users\ChoiDM\workspace\test_struct\Debug -Dfile.encoding=UTF-8 
java_command: jni_struct.Date$TestDate
java_class_path (initial): C:\Users\ChoiDM\workspace\jni_struct\bin
Launcher Type: SUN_STANDARD

Environment Variables:
JAVA_HOME=C:\Program Files\Java\jre1.8.0_65\bin
PATH=C:/Program Files (x86)/Java/jre1.8.0_65/bin/client;C:/Program Files (x86)/Java/jre1.8.0_65/bin;C:/Program Files (x86)/Java/jre1.8.0_65/lib/i386;C:\ProgramData\Oracle\Java\javapath;C:\Windows\system32;C:\Windows;C:\Windows\System32\Wbem;C:\Windows\System32\WindowsPowerShell\v1.0\;C:\Program Files (x86)\Windows Kits\8.1\Windows Performance Toolkit\;C:\Program Files\Microsoft SQL Server\110\Tools\Binn\;C:\Program Files (x86)\Git\cmd;C:\Program Files\Common Files\Autodesk Shared\;C:\Users\ChoiDM\GTKwave\bin;C:\MinGW\bin;C:\Program Files\Java\jdk1.8.0_40\bin;C:\ProgramData\Oracle\Java\javapath;C:\Windows\system32;C:\Windows;C:\Windows\System32\Wbem;C:\Windows\System32\WindowsPowerShell\v1.0\;C:\Program Files (x86)\Windows Kits\8.1\Windows Performance Toolkit\;C:\Program Files\Microsoft SQL Server\110\Tools\Binn\;C:\Program Files (x86)\Git\cmd;C:\Program Files\Common Files\Autodesk Shared\;C:\Users\ChoiDM\GTKwave\bin;C:\MinGW\bin;C:\Program Files\Java\jdk1.8.0_40\bin;C:\Users\ChoiDM\Desktop\eclipse PDE;
USERNAME=ChoiDM
OS=Windows_NT
PROCESSOR_IDENTIFIER=Intel64 Family 6 Model 69 Stepping 1, GenuineIntel



---------------  S Y S T E M  ---------------

OS: Windows 8.1 , 64 bit Build 9600 (6.3.9600.17415)

CPU:total 4 (2 cores per cpu, 2 threads per core) family 6 model 69 stepping 1, cmov, cx8, fxsr, mmx, sse, sse2, sse3, ssse3, sse4.1, sse4.2, popcnt, avx, avx2, aes, clmul, erms, lzcnt, ht, tsc, tscinvbit, bmi1, bmi2

Memory: 4k page, physical 4108364k(903376k free), swap 7123020k(1788060k free)

vm_info: Java HotSpot(TM) Client VM (25.65-b01) for windows-x86 JRE (1.8.0_65-b17), built on Oct  6 2015 17:26:22 by "java_re" with MS VC++ 10.0 (VS2010)

time: Tue Jan 05 14:16:36 2016
elapsed time: 0 seconds (0d 0h 0m 0s)

