This file contains any messages produced by compilers while
running configure, to aid debugging if configure makes a mistake.

It was created by SCV configure 2.0.0, which was
generated by GNU Autoconf 2.69.  Invocation command line was

  $ ../configure --prefix=/home/harold/workspace/Install/scv200 --with-systemc=/home/harold/workspace/Install/systemc231

## --------- ##
## Platform. ##
## --------- ##

hostname = twoblock-server
uname -m = x86_64
uname -r = 3.13.0-74-generic
uname -s = Linux
uname -v = #118~precise1-Ubuntu SMP Fri Dec 18 10:38:55 UTC 2015

/usr/bin/uname -p = unknown
/bin/uname -X     = unknown

/bin/arch              = unknown
/usr/bin/arch -k       = unknown
/usr/convex/getsysinfo = unknown
/usr/bin/hostinfo      = unknown
/bin/machine           = unknown
/usr/bin/oslevel       = unknown
/bin/universe          = unknown

PATH: /bin
PATH: /usr/bin
PATH: /usr/X11R6/bin
PATH: /usr/local/bin


## ----------- ##
## Core tests. ##
## ----------- ##

configure:2616: checking build system type
configure:2630: result: x86_64-unknown-linux-gnu
configure:2650: checking host system type
configure:2663: result: x86_64-unknown-linux-gnu
configure:2683: checking target system type
configure:2696: result: x86_64-unknown-linux-gnu
configure:2740: checking for a BSD-compatible install
configure:2808: result: /usr/bin/install -c
configure:2819: checking whether build environment is sane
configure:2874: result: yes
configure:3025: checking for a thread-safe mkdir -p
configure:3064: result: /bin/mkdir -p
configure:3071: checking for gawk
configure:3101: result: no
configure:3071: checking for mawk
configure:3087: found /usr/bin/mawk
configure:3098: result: mawk
configure:3109: checking whether make sets $(MAKE)
configure:3131: result: yes
configure:3160: checking whether make supports nested variables
configure:3177: result: yes
configure:3424: checking support 32-bit host compilation using 64-bit tools
configure:3444: result: no
configure:3498: checking for gcc
configure:3514: found /usr/bin/gcc
configure:3525: result: gcc
configure:3754: checking for C compiler version
configure:3763: gcc --version >&5
gcc (Ubuntu/Linaro 4.6.3-1ubuntu5) 4.6.3
Copyright (C) 2011 Free Software Foundation, Inc.
This is free software; see the source for copying conditions.  There is NO
warranty; not even for MERCHANTABILITY or FITNESS FOR A PARTICULAR PURPOSE.

configure:3774: $? = 0
configure:3763: gcc -v >&5
Using built-in specs.
COLLECT_GCC=gcc
COLLECT_LTO_WRAPPER=/usr/lib/gcc/x86_64-linux-gnu/4.6/lto-wrapper
Target: x86_64-linux-gnu
Configured with: ../src/configure -v --with-pkgversion='Ubuntu/Linaro 4.6.3-1ubuntu5' --with-bugurl=file:///usr/share/doc/gcc-4.6/README.Bugs --enable-languages=c,c++,fortran,objc,obj-c++ --prefix=/usr --program-suffix=-4.6 --enable-shared --enable-linker-build-id --with-system-zlib --libexecdir=/usr/lib --without-included-gettext --enable-threads=posix --with-gxx-include-dir=/usr/include/c++/4.6 --libdir=/usr/lib --enable-nls --with-sysroot=/ --enable-clocale=gnu --enable-libstdcxx-debug --enable-libstdcxx-time=yes --enable-gnu-unique-object --enable-plugin --enable-objc-gc --disable-werror --with-arch-32=i686 --with-tune=generic --enable-checking=release --build=x86_64-linux-gnu --host=x86_64-linux-gnu --target=x86_64-linux-gnu
Thread model: posix
gcc version 4.6.3 (Ubuntu/Linaro 4.6.3-1ubuntu5) 
configure:3774: $? = 0
configure:3763: gcc -V >&5
gcc: error: unrecognized option '-V'
gcc: fatal error: no input files
compilation terminated.
configure:3774: $? = 4
configure:3763: gcc -qversion >&5
gcc: error: unrecognized option '-qversion'
gcc: fatal error: no input files
compilation terminated.
configure:3774: $? = 4
configure:3794: checking whether the C compiler works
configure:3816: gcc    conftest.c  >&5
configure:3820: $? = 0
configure:3868: result: yes
configure:3871: checking for C compiler default output file name
configure:3873: result: a.out
configure:3879: checking for suffix of executables
configure:3886: gcc -o conftest    conftest.c  >&5
configure:3890: $? = 0
configure:3912: result: 
configure:3934: checking whether we are cross compiling
configure:3942: gcc -o conftest    conftest.c  >&5
configure:3946: $? = 0
configure:3953: ./conftest
configure:3957: $? = 0
configure:3972: result: no
configure:3977: checking for suffix of object files
configure:3999: gcc -c   conftest.c >&5
configure:4003: $? = 0
configure:4024: result: o
configure:4028: checking whether we are using the GNU C compiler
configure:4047: gcc -c   conftest.c >&5
configure:4047: $? = 0
configure:4056: result: yes
configure:4065: checking whether gcc accepts -g
configure:4085: gcc -c -g  conftest.c >&5
configure:4085: $? = 0
configure:4126: result: yes
configure:4143: checking for gcc option to accept ISO C89
configure:4206: gcc  -c -g -O2  conftest.c >&5
configure:4206: $? = 0
configure:4219: result: none needed
configure:4250: checking for style of include used by make
configure:4278: result: GNU
configure:4304: checking dependency style of gcc
configure:4415: result: gcc3
configure:4492: checking for g++
configure:4508: found /usr/bin/g++
configure:4519: result: g++
configure:4546: checking for C++ compiler version
configure:4555: g++ --version >&5
g++ (Ubuntu/Linaro 4.6.3-1ubuntu5) 4.6.3
Copyright (C) 2011 Free Software Foundation, Inc.
This is free software; see the source for copying conditions.  There is NO
warranty; not even for MERCHANTABILITY or FITNESS FOR A PARTICULAR PURPOSE.

configure:4566: $? = 0
configure:4555: g++ -v >&5
Using built-in specs.
COLLECT_GCC=g++
COLLECT_LTO_WRAPPER=/usr/lib/gcc/x86_64-linux-gnu/4.6/lto-wrapper
Target: x86_64-linux-gnu
Configured with: ../src/configure -v --with-pkgversion='Ubuntu/Linaro 4.6.3-1ubuntu5' --with-bugurl=file:///usr/share/doc/gcc-4.6/README.Bugs --enable-languages=c,c++,fortran,objc,obj-c++ --prefix=/usr --program-suffix=-4.6 --enable-shared --enable-linker-build-id --with-system-zlib --libexecdir=/usr/lib --without-included-gettext --enable-threads=posix --with-gxx-include-dir=/usr/include/c++/4.6 --libdir=/usr/lib --enable-nls --with-sysroot=/ --enable-clocale=gnu --enable-libstdcxx-debug --enable-libstdcxx-time=yes --enable-gnu-unique-object --enable-plugin --enable-objc-gc --disable-werror --with-arch-32=i686 --with-tune=generic --enable-checking=release --build=x86_64-linux-gnu --host=x86_64-linux-gnu --target=x86_64-linux-gnu
Thread model: posix
gcc version 4.6.3 (Ubuntu/Linaro 4.6.3-1ubuntu5) 
configure:4566: $? = 0
configure:4555: g++ -V >&5
g++: error: unrecognized option '-V'
g++: fatal error: no input files
compilation terminated.
configure:4566: $? = 4
configure:4555: g++ -qversion >&5
g++: error: unrecognized option '-qversion'
g++: fatal error: no input files
compilation terminated.
configure:4566: $? = 4
configure:4570: checking whether we are using the GNU C++ compiler
configure:4589: g++ -c   conftest.cpp >&5
configure:4589: $? = 0
configure:4598: result: yes
configure:4607: checking whether g++ accepts -g
configure:4627: g++ -c -g  conftest.cpp >&5
configure:4627: $? = 0
configure:4668: result: yes
configure:4693: checking dependency style of g++
configure:4804: result: gcc3
configure:4992: checking for the pthreads library -lpthreads
configure:5030: gcc -o conftest -g -O2    conftest.c -lpthreads  >&5
/usr/bin/ld: cannot find -lpthreads
collect2: ld returned 1 exit status
configure:5030: $? = 1
configure: failed program was:
| /* confdefs.h */
| #define PACKAGE_NAME "SCV"
| #define PACKAGE_TARNAME "scv"
| #define PACKAGE_VERSION "2.0.0"
| #define PACKAGE_STRING "SCV 2.0.0"
| #define PACKAGE_BUGREPORT ""
| #define PACKAGE_URL ""
| #define PACKAGE "scv"
| #define VERSION "2.0.0"
| /* end confdefs.h.  */
| #include <pthread.h>
|                         static void routine(void *a) { a = 0; }
|                         static void *start_routine(void *a) { return a; }
| int
| main ()
| {
| pthread_t th; pthread_attr_t attr;
|                         pthread_create(&th, 0, start_routine, 0);
|                         pthread_join(th, 0);
|                         pthread_attr_init(&attr);
|                         pthread_cleanup_push(routine, 0);
|                         pthread_cleanup_pop(0) /* ; */
|   ;
|   return 0;
| }
configure:5039: result: no
configure:4937: checking whether pthreads work without any flags
configure:5030: gcc -o conftest -g -O2    conftest.c   >&5
/tmp/ccrdVQuK.o: In function `main':
/home/harold/workspace/BlockDesigner/scv-2.0.0/objdir/conftest.c:18: undefined reference to `pthread_create'
/home/harold/workspace/BlockDesigner/scv-2.0.0/objdir/conftest.c:19: undefined reference to `pthread_join'
/home/harold/workspace/BlockDesigner/scv-2.0.0/objdir/conftest.c:21: undefined reference to `__pthread_register_cancel'
/home/harold/workspace/BlockDesigner/scv-2.0.0/objdir/conftest.c:22: undefined reference to `__pthread_unregister_cancel'
collect2: ld returned 1 exit status
configure:5030: $? = 1
configure: failed program was:
| /* confdefs.h */
| #define PACKAGE_NAME "SCV"
| #define PACKAGE_TARNAME "scv"
| #define PACKAGE_VERSION "2.0.0"
| #define PACKAGE_STRING "SCV 2.0.0"
| #define PACKAGE_BUGREPORT ""
| #define PACKAGE_URL ""
| #define PACKAGE "scv"
| #define VERSION "2.0.0"
| /* end confdefs.h.  */
| #include <pthread.h>
|                         static void routine(void *a) { a = 0; }
|                         static void *start_routine(void *a) { return a; }
| int
| main ()
| {
| pthread_t th; pthread_attr_t attr;
|                         pthread_create(&th, 0, start_routine, 0);
|                         pthread_join(th, 0);
|                         pthread_attr_init(&attr);
|                         pthread_cleanup_push(routine, 0);
|                         pthread_cleanup_pop(0) /* ; */
|   ;
|   return 0;
| }
configure:5039: result: no
configure:4942: checking whether pthreads work with -Kthread
configure:5030: gcc -o conftest -g -O2 -Kthread   conftest.c   >&5
gcc: error: unrecognized option '-Kthread'
configure:5030: $? = 1
configure: failed program was:
| /* confdefs.h */
| #define PACKAGE_NAME "SCV"
| #define PACKAGE_TARNAME "scv"
| #define PACKAGE_VERSION "2.0.0"
| #define PACKAGE_STRING "SCV 2.0.0"
| #define PACKAGE_BUGREPORT ""
| #define PACKAGE_URL ""
| #define PACKAGE "scv"
| #define VERSION "2.0.0"
| /* end confdefs.h.  */
| #include <pthread.h>
|                         static void routine(void *a) { a = 0; }
|                         static void *start_routine(void *a) { return a; }
| int
| main ()
| {
| pthread_t th; pthread_attr_t attr;
|                         pthread_create(&th, 0, start_routine, 0);
|                         pthread_join(th, 0);
|                         pthread_attr_init(&attr);
|                         pthread_cleanup_push(routine, 0);
|                         pthread_cleanup_pop(0) /* ; */
|   ;
|   return 0;
| }
configure:5039: result: no
configure:4942: checking whether pthreads work with -kthread
configure:5030: gcc -o conftest -g -O2 -kthread   conftest.c   >&5
gcc: error: unrecognized option '-kthread'
configure:5030: $? = 1
configure: failed program was:
| /* confdefs.h */
| #define PACKAGE_NAME "SCV"
| #define PACKAGE_TARNAME "scv"
| #define PACKAGE_VERSION "2.0.0"
| #define PACKAGE_STRING "SCV 2.0.0"
| #define PACKAGE_BUGREPORT ""
| #define PACKAGE_URL ""
| #define PACKAGE "scv"
| #define VERSION "2.0.0"
| /* end confdefs.h.  */
| #include <pthread.h>
|                         static void routine(void *a) { a = 0; }
|                         static void *start_routine(void *a) { return a; }
| int
| main ()
| {
| pthread_t th; pthread_attr_t attr;
|                         pthread_create(&th, 0, start_routine, 0);
|                         pthread_join(th, 0);
|                         pthread_attr_init(&attr);
|                         pthread_cleanup_push(routine, 0);
|                         pthread_cleanup_pop(0) /* ; */
|   ;
|   return 0;
| }
configure:5039: result: no
configure:4992: checking for the pthreads library -llthread
configure:5030: gcc -o conftest -g -O2    conftest.c -llthread  >&5
/usr/bin/ld: cannot find -llthread
collect2: ld returned 1 exit status
configure:5030: $? = 1
configure: failed program was:
| /* confdefs.h */
| #define PACKAGE_NAME "SCV"
| #define PACKAGE_TARNAME "scv"
| #define PACKAGE_VERSION "2.0.0"
| #define PACKAGE_STRING "SCV 2.0.0"
| #define PACKAGE_BUGREPORT ""
| #define PACKAGE_URL ""
| #define PACKAGE "scv"
| #define VERSION "2.0.0"
| /* end confdefs.h.  */
| #include <pthread.h>
|                         static void routine(void *a) { a = 0; }
|                         static void *start_routine(void *a) { return a; }
| int
| main ()
| {
| pthread_t th; pthread_attr_t attr;
|                         pthread_create(&th, 0, start_routine, 0);
|                         pthread_join(th, 0);
|                         pthread_attr_init(&attr);
|                         pthread_cleanup_push(routine, 0);
|                         pthread_cleanup_pop(0) /* ; */
|   ;
|   return 0;
| }
configure:5039: result: no
configure:4942: checking whether pthreads work with -pthread
configure:5030: gcc -o conftest -g -O2 -pthread   conftest.c   >&5
configure:5030: $? = 0
configure:5039: result: yes
configure:5058: checking for joinable pthread attribute
configure:5073: gcc -o conftest -g -O2 -pthread   conftest.c   >&5
configure:5073: $? = 0
configure:5079: result: PTHREAD_CREATE_JOINABLE
configure:5089: checking if more special flags are required for pthreads
configure:5103: result: no
configure:5109: checking for PTHREAD_PRIO_INHERIT
configure:5127: gcc -o conftest -g -O2 -pthread   conftest.c   >&5
conftest.c: In function 'main':
conftest.c:16:9: error: 'PTHREAD_PRIO_INHERIT' undeclared (first use in this function)
conftest.c:16:9: note: each undeclared identifier is reported only once for each function it appears in
configure:5127: $? = 1
configure: failed program was:
| /* confdefs.h */
| #define PACKAGE_NAME "SCV"
| #define PACKAGE_TARNAME "scv"
| #define PACKAGE_VERSION "2.0.0"
| #define PACKAGE_STRING "SCV 2.0.0"
| #define PACKAGE_BUGREPORT ""
| #define PACKAGE_URL ""
| #define PACKAGE "scv"
| #define VERSION "2.0.0"
| /* end confdefs.h.  */
| 
|                     #include <pthread.h>
| int
| main ()
| {
| int i = PTHREAD_PRIO_INHERIT;
|   ;
|   return 0;
| }
configure:5136: result: no
configure:5329: checking how to print strings
configure:5356: result: printf
configure:5377: checking for a sed that does not truncate output
configure:5441: result: /bin/sed
configure:5459: checking for grep that handles long lines and -e
configure:5517: result: /bin/grep
configure:5522: checking for egrep
configure:5584: result: /bin/grep -E
configure:5589: checking for fgrep
configure:5651: result: /bin/grep -F
configure:5686: checking for ld used by gcc
configure:5753: result: /usr/bin/ld
configure:5760: checking if the linker (/usr/bin/ld) is GNU ld
configure:5775: result: yes
configure:5787: checking for BSD- or MS-compatible name lister (nm)
configure:5836: result: /usr/bin/nm -B
configure:5966: checking the name lister (/usr/bin/nm -B) interface
configure:5973: gcc -c -g -O2  conftest.c >&5
configure:5976: /usr/bin/nm -B "conftest.o"
configure:5979: output
0000000000000000 B some_variable
configure:5986: result: BSD nm
configure:5989: checking whether ln -s works
configure:5993: result: yes
configure:6001: checking the maximum length of command line arguments
configure:6126: result: 1572864
configure:6143: checking whether the shell understands some XSI constructs
configure:6153: result: yes
configure:6157: checking whether the shell understands "+="
configure:6163: result: yes
configure:6198: checking how to convert x86_64-unknown-linux-gnu file names to x86_64-unknown-linux-gnu format
configure:6238: result: func_convert_file_noop
configure:6245: checking how to convert x86_64-unknown-linux-gnu file names to toolchain format
configure:6265: result: func_convert_file_noop
configure:6272: checking for /usr/bin/ld option to reload object files
configure:6279: result: -r
configure:6353: checking for objdump
configure:6369: found /usr/bin/objdump
configure:6380: result: objdump
configure:6412: checking how to recognize dependent libraries
configure:6614: result: pass_all
configure:6699: checking for dlltool
configure:6729: result: no
configure:6759: checking how to associate runtime and link libraries
configure:6786: result: printf %s\n
configure:6846: checking for ar
configure:6862: found /usr/bin/ar
configure:6873: result: ar
configure:6910: checking for archiver @FILE support
configure:6927: gcc -c -g -O2  conftest.c >&5
configure:6927: $? = 0
configure:6930: ar cru libconftest.a @conftest.lst >&5
configure:6933: $? = 0
configure:6938: ar cru libconftest.a @conftest.lst >&5
ar: conftest.o: No such file or directory
configure:6941: $? = 1
configure:6953: result: @
configure:7011: checking for strip
configure:7027: found /usr/bin/strip
configure:7038: result: strip
configure:7110: checking for ranlib
configure:7126: found /usr/bin/ranlib
configure:7137: result: ranlib
configure:7239: checking command to parse /usr/bin/nm -B output from gcc object
configure:7358: gcc -c -g -O2  conftest.c >&5
configure:7361: $? = 0
configure:7365: /usr/bin/nm -B conftest.o \| sed -n -e 's/^.*[ ]\([ABCDGIRSTW][ABCDGIRSTW]*\)[ ][ ]*\([_A-Za-z][_A-Za-z0-9]*\)$/\1 \2 \2/p' | sed '/ __gnu_lto/d' \> conftest.nm
configure:7368: $? = 0
configure:7434: gcc -o conftest -g -O2   conftest.c conftstm.o >&5
configure:7437: $? = 0
configure:7475: result: ok
configure:7512: checking for sysroot
configure:7542: result: no
configure:7619: gcc -c -g -O2  conftest.c >&5
configure:7622: $? = 0
configure:7785: checking for mt
configure:7801: found /bin/mt
configure:7812: result: mt
configure:7835: checking if mt is a manifest tool
configure:7841: mt '-?'
configure:7849: result: no
configure:8481: checking how to run the C preprocessor
configure:8512: gcc -E  conftest.c
configure:8512: $? = 0
configure:8526: gcc -E  conftest.c
conftest.c:12:28: fatal error: ac_nonexistent.h: No such file or directory
compilation terminated.
configure:8526: $? = 1
configure: failed program was:
| /* confdefs.h */
| #define PACKAGE_NAME "SCV"
| #define PACKAGE_TARNAME "scv"
| #define PACKAGE_VERSION "2.0.0"
| #define PACKAGE_STRING "SCV 2.0.0"
| #define PACKAGE_BUGREPORT ""
| #define PACKAGE_URL ""
| #define PACKAGE "scv"
| #define VERSION "2.0.0"
| #define HAVE_PTHREAD 1
| /* end confdefs.h.  */
| #include <ac_nonexistent.h>
configure:8551: result: gcc -E
configure:8571: gcc -E  conftest.c
configure:8571: $? = 0
configure:8585: gcc -E  conftest.c
conftest.c:12:28: fatal error: ac_nonexistent.h: No such file or directory
compilation terminated.
configure:8585: $? = 1
configure: failed program was:
| /* confdefs.h */
| #define PACKAGE_NAME "SCV"
| #define PACKAGE_TARNAME "scv"
| #define PACKAGE_VERSION "2.0.0"
| #define PACKAGE_STRING "SCV 2.0.0"
| #define PACKAGE_BUGREPORT ""
| #define PACKAGE_URL ""
| #define PACKAGE "scv"
| #define VERSION "2.0.0"
| #define HAVE_PTHREAD 1
| /* end confdefs.h.  */
| #include <ac_nonexistent.h>
configure:8614: checking for ANSI C header files
configure:8634: gcc -c -g -O2  conftest.c >&5
configure:8634: $? = 0
configure:8707: gcc -o conftest -g -O2   conftest.c  >&5
configure:8707: $? = 0
configure:8707: ./conftest
configure:8707: $? = 0
configure:8718: result: yes
configure:8731: checking for sys/types.h
configure:8731: gcc -c -g -O2  conftest.c >&5
configure:8731: $? = 0
configure:8731: result: yes
configure:8731: checking for sys/stat.h
configure:8731: gcc -c -g -O2  conftest.c >&5
configure:8731: $? = 0
configure:8731: result: yes
configure:8731: checking for stdlib.h
configure:8731: gcc -c -g -O2  conftest.c >&5
configure:8731: $? = 0
configure:8731: result: yes
configure:8731: checking for string.h
configure:8731: gcc -c -g -O2  conftest.c >&5
configure:8731: $? = 0
configure:8731: result: yes
configure:8731: checking for memory.h
configure:8731: gcc -c -g -O2  conftest.c >&5
configure:8731: $? = 0
configure:8731: result: yes
configure:8731: checking for strings.h
configure:8731: gcc -c -g -O2  conftest.c >&5
configure:8731: $? = 0
configure:8731: result: yes
configure:8731: checking for inttypes.h
configure:8731: gcc -c -g -O2  conftest.c >&5
configure:8731: $? = 0
configure:8731: result: yes
configure:8731: checking for stdint.h
configure:8731: gcc -c -g -O2  conftest.c >&5
configure:8731: $? = 0
configure:8731: result: yes
configure:8731: checking for unistd.h
configure:8731: gcc -c -g -O2  conftest.c >&5
configure:8731: $? = 0
configure:8731: result: yes
configure:8745: checking for dlfcn.h
configure:8745: gcc -c -g -O2  conftest.c >&5
configure:8745: $? = 0
configure:8745: result: yes
configure:8883: checking for objdir
configure:8898: result: .libs
configure:9169: checking if gcc supports -fno-rtti -fno-exceptions
configure:9187: gcc -c -g -O2  -fno-rtti -fno-exceptions conftest.c >&5
cc1: warning: command line option '-fno-rtti' is valid for C++/ObjC++ but not for C [enabled by default]
configure:9191: $? = 0
configure:9204: result: no
configure:9514: checking for gcc option to produce PIC
configure:9521: result: -fPIC -DPIC
configure:9529: checking if gcc PIC flag -fPIC -DPIC works
configure:9547: gcc -c -g -O2  -fPIC -DPIC -DPIC conftest.c >&5
configure:9551: $? = 0
configure:9564: result: yes
configure:9593: checking if gcc static flag -static works
configure:9621: result: yes
configure:9636: checking if gcc supports -c -o file.o
configure:9657: gcc -c -g -O2  -o out/conftest2.o conftest.c >&5
configure:9661: $? = 0
configure:9683: result: yes
configure:9691: checking if gcc supports -c -o file.o
configure:9738: result: yes
configure:9771: checking whether the gcc linker (/usr/bin/ld -m elf_x86_64) supports shared libraries
configure:10929: result: yes
configure:10966: checking whether -lc should be explicitly linked in
configure:10974: gcc -c -g -O2  conftest.c >&5
configure:10977: $? = 0
configure:10992: gcc -shared  -fPIC -DPIC conftest.o  -v -Wl,-soname -Wl,conftest -o conftest 2\>\&1 \| /bin/grep  -lc  \>/dev/null 2\>\&1
configure:10995: $? = 0
configure:11009: result: no
configure:11174: checking dynamic linker characteristics
configure:11688: gcc -o conftest -g -O2   -Wl,-rpath -Wl,/foo conftest.c  >&5
configure:11688: $? = 0
configure:11910: result: GNU/Linux ld.so
configure:12017: checking how to hardcode library paths into programs
configure:12042: result: immediate
configure:12582: checking whether stripping libraries is possible
configure:12587: result: yes
configure:12622: checking if libtool supports shared libraries
configure:12624: result: yes
configure:12627: checking whether to build shared libraries
configure:12648: result: yes
configure:12651: checking whether to build static libraries
configure:12655: result: yes
configure:12678: checking how to run the C++ preprocessor
configure:12705: g++ -E  conftest.cpp
configure:12705: $? = 0
configure:12719: g++ -E  conftest.cpp
conftest.cpp:24:28: fatal error: ac_nonexistent.h: No such file or directory
compilation terminated.
configure:12719: $? = 1
configure: failed program was:
| /* confdefs.h */
| #define PACKAGE_NAME "SCV"
| #define PACKAGE_TARNAME "scv"
| #define PACKAGE_VERSION "2.0.0"
| #define PACKAGE_STRING "SCV 2.0.0"
| #define PACKAGE_BUGREPORT ""
| #define PACKAGE_URL ""
| #define PACKAGE "scv"
| #define VERSION "2.0.0"
| #define HAVE_PTHREAD 1
| #define STDC_HEADERS 1
| #define HAVE_SYS_TYPES_H 1
| #define HAVE_SYS_STAT_H 1
| #define HAVE_STDLIB_H 1
| #define HAVE_STRING_H 1
| #define HAVE_MEMORY_H 1
| #define HAVE_STRINGS_H 1
| #define HAVE_INTTYPES_H 1
| #define HAVE_STDINT_H 1
| #define HAVE_UNISTD_H 1
| #define HAVE_DLFCN_H 1
| #define LT_OBJDIR ".libs/"
| /* end confdefs.h.  */
| #include <ac_nonexistent.h>
configure:12744: result: g++ -E
configure:12764: g++ -E  conftest.cpp
configure:12764: $? = 0
configure:12778: g++ -E  conftest.cpp
conftest.cpp:24:28: fatal error: ac_nonexistent.h: No such file or directory
compilation terminated.
configure:12778: $? = 1
configure: failed program was:
| /* confdefs.h */
| #define PACKAGE_NAME "SCV"
| #define PACKAGE_TARNAME "scv"
| #define PACKAGE_VERSION "2.0.0"
| #define PACKAGE_STRING "SCV 2.0.0"
| #define PACKAGE_BUGREPORT ""
| #define PACKAGE_URL ""
| #define PACKAGE "scv"
| #define VERSION "2.0.0"
| #define HAVE_PTHREAD 1
| #define STDC_HEADERS 1
| #define HAVE_SYS_TYPES_H 1
| #define HAVE_SYS_STAT_H 1
| #define HAVE_STDLIB_H 1
| #define HAVE_STRING_H 1
| #define HAVE_MEMORY_H 1
| #define HAVE_STRINGS_H 1
| #define HAVE_INTTYPES_H 1
| #define HAVE_STDINT_H 1
| #define HAVE_UNISTD_H 1
| #define HAVE_DLFCN_H 1
| #define LT_OBJDIR ".libs/"
| /* end confdefs.h.  */
| #include <ac_nonexistent.h>
configure:12948: checking for ld used by g++
configure:13015: result: /usr/bin/ld -m elf_x86_64
configure:13022: checking if the linker (/usr/bin/ld -m elf_x86_64) is GNU ld
configure:13037: result: yes
configure:13092: checking whether the g++ linker (/usr/bin/ld -m elf_x86_64) supports shared libraries
configure:14096: result: yes
configure:14131: g++ -c -g -O2  conftest.cpp >&5
configure:14134: $? = 0
configure:14654: checking for g++ option to produce PIC
configure:14661: result: -fPIC -DPIC
configure:14669: checking if g++ PIC flag -fPIC -DPIC works
configure:14687: g++ -c -g -O2  -fPIC -DPIC -DPIC conftest.cpp >&5
configure:14691: $? = 0
configure:14704: result: yes
configure:14727: checking if g++ static flag -static works
configure:14755: result: yes
configure:14767: checking if g++ supports -c -o file.o
configure:14788: g++ -c -g -O2  -o out/conftest2.o conftest.cpp >&5
configure:14792: $? = 0
configure:14814: result: yes
configure:14819: checking if g++ supports -c -o file.o
configure:14866: result: yes
configure:14896: checking whether the g++ linker (/usr/bin/ld -m elf_x86_64) supports shared libraries
configure:14930: result: yes
configure:15073: checking dynamic linker characteristics
configure:15743: result: GNU/Linux ld.so
configure:15796: checking how to hardcode library paths into programs
configure:15821: result: immediate
configure:15935: checking make for GNU make
configure:15951: result: found 3.81 which is OK
configure:16005: checking for GNU ld
configure:16025: result: yes
configure:16075: checking for supported C++ compiler
configure:16101: result: gcc 4.6 is supported
configure:16109: checking for supported operating system
configure:16112: result: linux-gnu is supported
configure:16338: checking for working C++ compiler
configure:16402: g++ -o conftest -Wall -Wformat -g   conftest.cpp  >&5
configure:16402: $? = 0
configure:16402: ./conftest
configure:16402: $? = 0
configure:16421: result: ok
configure:16430: checking size of int
configure:16435: gcc -o conftest -Wall -Wformat -O2 -g   conftest.c  >&5
configure:16435: $? = 0
configure:16435: ./conftest
configure:16435: $? = 0
configure:16449: result: 4
configure:16463: checking size of long
configure:16468: gcc -o conftest -Wall -Wformat -O2 -g   conftest.c  >&5
configure:16468: $? = 0
configure:16468: ./conftest
configure:16468: $? = 0
configure:16482: result: 8
configure:16496: checking size of void *
configure:16501: gcc -o conftest -Wall -Wformat -O2 -g   conftest.c  >&5
configure:16501: $? = 0
configure:16501: ./conftest
configure:16501: $? = 0
configure:16515: result: 8
configure:16635: checking for /home/harold/workspace/Install/systemc231/lib-linux64/libsystemc.a
configure:16639: result: yes
configure:16713: checking for /home/harold/workspace/Install/systemc231/include/systemc.h
configure:16717: result: yes
configure:16743: checking for SystemC version
configure:16786: g++ -o conftest -O2 -g -pthread -I/home/harold/workspace/Install/systemc231/include  -L/home/harold/workspace/Install/systemc231/lib-linux64 -Wl,-rpath=/home/harold/workspace/Install/systemc231/lib-linux64  conftest.cpp -lsystemc   >&5
configure:16786: $? = 0
configure:16786: ./conftest

        SystemC 2.3.1-Accellera --- May 11 2016 15:12:32
        Copyright (c) 1996-2014 by all Contributors,
        ALL RIGHTS RESERVED
configure:16786: $? = 0
configure:16809: result: 2003001
configure:16877: checking for absolute path prefix and that it exists
configure:16884: result: yes, OK
configure:16893: checking whether documentation needs to be installed
configure:16931: result: yes
configure:17054: checking that generated files are newer than configure
configure:17060: result: done
configure:17099: creating ./config.status

## ---------------------- ##
## Running config.status. ##
## ---------------------- ##

This file was extended by SCV config.status 2.0.0, which was
generated by GNU Autoconf 2.69.  Invocation command line was

  CONFIG_FILES    = 
  CONFIG_HEADERS  = 
  CONFIG_LINKS    = 
  CONFIG_COMMANDS = 
  $ ./config.status 

on twoblock-server

config.status:1237: creating Makefile
config.status:1237: creating docs/Makefile
config.status:1237: creating docs/scv/Makefile
config.status:1237: creating examples/Makefile
config.status:1237: creating examples/data_structures/Makefile
config.status:1237: creating examples/data_structures/scv_bag/Makefile
config.status:1237: creating examples/data_structures/scv_sparse_array/Makefile
config.status:1237: creating examples/extensions/Makefile
config.status:1237: creating examples/extensions/ex_01_userdata/Makefile
config.status:1237: creating examples/extensions/ex_02_enumdata/Makefile
config.status:1237: creating examples/extensions/ex_03_nestdata/Makefile
config.status:1237: creating examples/extensions/introspection1/Makefile
config.status:1237: creating examples/extensions/private/Makefile
config.status:1237: creating examples/general/Makefile
config.status:1237: creating examples/general/hello/Makefile
config.status:1237: creating examples/randomization/Makefile
config.status:1237: creating examples/randomization/constraints/Makefile
config.status:1237: creating examples/randomization/debug/Makefile
config.status:1237: creating examples/randomization/ex_04_simplerand/Makefile
config.status:1237: creating examples/randomization/ex_05_disablerand/Makefile
config.status:1237: creating examples/randomization/ex_07_seedfile/Makefile
config.status:1237: creating examples/randomization/ex_08_dist/Makefile
config.status:1237: creating examples/randomization/ex_09_distrange/Makefile
config.status:1237: creating examples/randomization/ex_10_basicconstraint/Makefile
config.status:1237: creating examples/randomization/ex_11_softconstraint/Makefile
config.status:1237: creating examples/randomization/ex_12_hier_constraint/Makefile
config.status:1237: creating examples/randomization/ex_13_custom_next/Makefile
config.status:1237: creating examples/randomization/pythagoras/Makefile
config.status:1237: creating examples/transactions/Makefile
config.status:1237: creating examples/transactions/overview/Makefile
config.status:1237: creating src/Makefile
config.status:1237: creating src/scv.pc
config.status:1237: creating src/cudd/Makefile
config.status:1237: creating src/cudd/2.3.0/Makefile
config.status:1237: creating src/cudd/2.3.0/cudd/Makefile
config.status:1237: creating src/cudd/2.3.0/cudd/doc/Makefile
config.status:1237: creating src/cudd/2.3.0/cudd/doc/icons/Makefile
config.status:1237: creating src/cudd/2.3.0/dddmp/Makefile
config.status:1237: creating src/cudd/2.3.0/dddmp/doc/Makefile
config.status:1237: creating src/cudd/2.3.0/mtr/Makefile
config.status:1237: creating src/cudd/2.3.0/mtr/doc/Makefile
config.status:1237: creating src/cudd/2.3.0/util/Makefile
config.status:1237: creating src/cudd/2.3.0/st/Makefile
config.status:1237: creating src/cudd/2.3.0/st/doc/Makefile
config.status:1237: creating src/cudd/2.3.0/obj/Makefile
config.status:1237: creating src/cudd/2.3.0/nanotrav/Makefile
config.status:1237: creating src/cudd/2.3.0/nanotrav/doc/Makefile
config.status:1237: creating src/cudd/2.3.0/mnemosyne/Makefile
config.status:1237: creating src/cudd/2.3.0/sis/Makefile
config.status:1237: creating src/scv/Makefile
config.status:1237: creating config/config.h
config.status:1451: executing depfiles commands
config.status:1451: executing libtool commands

## ---------------- ##
## Cache variables. ##
## ---------------- ##

ac_cv_build=x86_64-unknown-linux-gnu
ac_cv_c_compiler_gnu=yes
ac_cv_cxx_compiler_gnu=yes
ac_cv_env_CCC_set=
ac_cv_env_CCC_value=
ac_cv_env_CC_set=
ac_cv_env_CC_value=
ac_cv_env_CFLAGS_set=
ac_cv_env_CFLAGS_value=
ac_cv_env_CPPFLAGS_set=
ac_cv_env_CPPFLAGS_value=
ac_cv_env_CPP_set=
ac_cv_env_CPP_value=
ac_cv_env_CXXCPP_set=
ac_cv_env_CXXCPP_value=
ac_cv_env_CXXFLAGS_set=
ac_cv_env_CXXFLAGS_value=
ac_cv_env_CXX_set=
ac_cv_env_CXX_value=
ac_cv_env_LDFLAGS_set=
ac_cv_env_LDFLAGS_value=
ac_cv_env_LIBS_set=
ac_cv_env_LIBS_value=
ac_cv_env_build_alias_set=
ac_cv_env_build_alias_value=
ac_cv_env_host_alias_set=
ac_cv_env_host_alias_value=
ac_cv_env_target_alias_set=
ac_cv_env_target_alias_value=
ac_cv_header_dlfcn_h=yes
ac_cv_header_inttypes_h=yes
ac_cv_header_memory_h=yes
ac_cv_header_stdc=yes
ac_cv_header_stdint_h=yes
ac_cv_header_stdlib_h=yes
ac_cv_header_string_h=yes
ac_cv_header_strings_h=yes
ac_cv_header_sys_stat_h=yes
ac_cv_header_sys_types_h=yes
ac_cv_header_unistd_h=yes
ac_cv_host=x86_64-unknown-linux-gnu
ac_cv_objext=o
ac_cv_path_EGREP='/bin/grep -E'
ac_cv_path_FGREP='/bin/grep -F'
ac_cv_path_GREP=/bin/grep
ac_cv_path_SED=/bin/sed
ac_cv_path_install='/usr/bin/install -c'
ac_cv_path_mkdir=/bin/mkdir
ac_cv_prog_AWK=mawk
ac_cv_prog_CPP='gcc -E'
ac_cv_prog_CXXCPP='g++ -E'
ac_cv_prog_ac_ct_AR=ar
ac_cv_prog_ac_ct_CC=gcc
ac_cv_prog_ac_ct_CXX=g++
ac_cv_prog_ac_ct_MANIFEST_TOOL=mt
ac_cv_prog_ac_ct_OBJDUMP=objdump
ac_cv_prog_ac_ct_RANLIB=ranlib
ac_cv_prog_ac_ct_STRIP=strip
ac_cv_prog_cc_c89=
ac_cv_prog_cc_g=yes
ac_cv_prog_cxx_g=yes
ac_cv_prog_make_make_set=yes
ac_cv_sizeof_int=4
ac_cv_sizeof_long=8
ac_cv_sizeof_void_p=8
ac_cv_target=x86_64-unknown-linux-gnu
am_cv_CC_dependencies_compiler_type=gcc3
am_cv_CXX_dependencies_compiler_type=gcc3
am_cv_make_support_nested_variables=yes
ax_cv_PTHREAD_PRIO_INHERIT=no
lt_cv_ar_at_file=@
lt_cv_archive_cmds_need_lc=no
lt_cv_deplibs_check_method=pass_all
lt_cv_file_magic_cmd='$MAGIC_CMD'
lt_cv_file_magic_test_file=
lt_cv_ld_reload_flag=-r
lt_cv_nm_interface='BSD nm'
lt_cv_objdir=.libs
lt_cv_path_LD=/usr/bin/ld
lt_cv_path_LDCXX='/usr/bin/ld -m elf_x86_64'
lt_cv_path_NM='/usr/bin/nm -B'
lt_cv_path_mainfest_tool=no
lt_cv_prog_compiler_c_o=yes
lt_cv_prog_compiler_c_o_CXX=yes
lt_cv_prog_compiler_pic='-fPIC -DPIC'
lt_cv_prog_compiler_pic_CXX='-fPIC -DPIC'
lt_cv_prog_compiler_pic_works=yes
lt_cv_prog_compiler_pic_works_CXX=yes
lt_cv_prog_compiler_rtti_exceptions=no
lt_cv_prog_compiler_static_works=yes
lt_cv_prog_compiler_static_works_CXX=yes
lt_cv_prog_gnu_ld=yes
lt_cv_prog_gnu_ldcxx=yes
lt_cv_sharedlib_from_linklib_cmd='printf %s\n'
lt_cv_shlibpath_overrides_runpath=no
lt_cv_sys_global_symbol_pipe='sed -n -e '\''s/^.*[	 ]\([ABCDGIRSTW][ABCDGIRSTW]*\)[	 ][	 ]*\([_A-Za-z][_A-Za-z0-9]*\)$/\1 \2 \2/p'\'' | sed '\''/ __gnu_lto/d'\'''
lt_cv_sys_global_symbol_to_c_name_address='sed -n -e '\''s/^: \([^ ]*\)[ ]*$/  {\"\1\", (void *) 0},/p'\'' -e '\''s/^[ABCDGIRSTW]* \([^ ]*\) \([^ ]*\)$/  {"\2", (void *) \&\2},/p'\'''
lt_cv_sys_global_symbol_to_c_name_address_lib_prefix='sed -n -e '\''s/^: \([^ ]*\)[ ]*$/  {\"\1\", (void *) 0},/p'\'' -e '\''s/^[ABCDGIRSTW]* \([^ ]*\) \(lib[^ ]*\)$/  {"\2", (void *) \&\2},/p'\'' -e '\''s/^[ABCDGIRSTW]* \([^ ]*\) \([^ ]*\)$/  {"lib\2", (void *) \&\2},/p'\'''
lt_cv_sys_global_symbol_to_cdecl='sed -n -e '\''s/^T .* \(.*\)$/extern int \1();/p'\'' -e '\''s/^[ABCDGIRSTW]* .* \(.*\)$/extern char \1;/p'\'''
lt_cv_sys_max_cmd_len=1572864
lt_cv_to_host_file_cmd=func_convert_file_noop
lt_cv_to_tool_file_cmd=func_convert_file_noop
scv_cv_cc_sanity=ok
scv_cv_sc_version=2003001

## ----------------- ##
## Output variables. ##
## ----------------- ##

ACLOCAL='${SHELL} /home/harold/workspace/BlockDesigner/scv-2.0.0/config/missing aclocal-1.13'
AMDEPBACKSLASH='\'
AMDEP_FALSE='#'
AMDEP_TRUE=''
AMTAR='$${TAR-tar}'
AM_BACKSLASH='\'
AM_CFLAGS='-Wall -Wformat'
AM_CXXFLAGS='-Wall -Wformat'
AM_DEFAULT_V='$(AM_DEFAULT_VERBOSITY)'
AM_DEFAULT_VERBOSITY='1'
AM_V='$(V)'
AR='ar'
AUTOCONF='${SHELL} /home/harold/workspace/BlockDesigner/scv-2.0.0/config/missing autoconf'
AUTOHEADER='${SHELL} /home/harold/workspace/BlockDesigner/scv-2.0.0/config/missing autoheader'
AUTOMAKE='${SHELL} /home/harold/workspace/BlockDesigner/scv-2.0.0/config/missing automake-1.13'
AWK='mawk'
CC='gcc'
CCDEPMODE='depmode=gcc3'
CFLAGS='-O2 -g'
CFLAGS_DEBUG='-O0 -g'
CFLAGS_OPT='-O2'
CPP='gcc -E'
CPPFLAGS=''
CXX='g++'
CXXCPP='g++ -E'
CXXDEPMODE='depmode=gcc3'
CXXFLAGS='-O2 -g'
CXXFLAGS_DEBUG='-O0 -g'
CXXFLAGS_OPT='-O2'
CYGPATH_W='echo'
DBGFLAGS='-g'
DEFS='-DHAVE_CONFIG_H'
DEPDIR='.deps'
DLLTOOL='false'
DSYMUTIL=''
DUMPBIN=''
ECHO_C=''
ECHO_N='-n'
ECHO_T=''
EGREP='/bin/grep -E'
EXEEXT=''
EXPORT_DYNAMIC='-export-dynamic'
FGREP='/bin/grep -F'
GREP='/bin/grep'
INSTALL_DATA='${INSTALL} -m 644'
INSTALL_PROGRAM='${INSTALL}'
INSTALL_SCRIPT='${INSTALL}'
INSTALL_STRIP_PROGRAM='$(install_sh) -c -s'
LD='/usr/bin/ld -m elf_x86_64'
LDFLAGS=''
LIBOBJS=''
LIBS=''
LIBTOOL='$(SHELL) $(top_builddir)/libtool'
LIBTOOL_LDFLAGS=''
LIBTOOL_LDFLAGS_RELEASE='-release 2.0.0'
LIPO=''
LN_S='ln -s'
LTLIBOBJS=''
MAKEINFO='${SHELL} /home/harold/workspace/BlockDesigner/scv-2.0.0/config/missing makeinfo'
MANIFEST_TOOL=':'
MKDIR_P='/bin/mkdir -p'
NM='/usr/bin/nm -B'
NMEDIT=''
OBJDUMP='objdump'
OBJEXT='o'
OPTFLAGS='-O2'
OTOOL64=''
OTOOL=''
PACKAGE='scv'
PACKAGE_BUGREPORT=''
PACKAGE_NAME='SCV'
PACKAGE_STRING='SCV 2.0.0'
PACKAGE_TARNAME='scv'
PACKAGE_URL=''
PACKAGE_VERSION='2.0.0'
PATH_SEPARATOR=':'
PTHREAD_CC='gcc'
PTHREAD_CFLAGS='-pthread'
PTHREAD_LIBS=''
RANLIB='ranlib'
SCV_INC_PREFIX='/home/harold/workspace/Install/scv200/include'
SCV_INSTALL_BUILDDIR_FALSE=''
SCV_INSTALL_BUILDDIR_TRUE='#'
SCV_INSTALL_NOTSELF_FALSE='#'
SCV_INSTALL_NOTSELF_TRUE=''
SCV_INSTALL_SOURCEDIR_FALSE=''
SCV_INSTALL_SOURCEDIR_TRUE='#'
SCV_LIB_PREFIX='/home/harold/workspace/Install/scv200/lib-linux64'
SCV_REQUIRES_SC_VERSION='= 2.3.1'
SED='/bin/sed'
SET_MAKE=''
SHELL='/bin/bash'
STRIP='strip'
SYSC_INC_PREFIX='/home/harold/workspace/Install/systemc231/include'
SYSC_LIB_PREFIX='/home/harold/workspace/Install/systemc231/lib-linux64'
SYSC_SRC_PREFIX='/home/harold/workspace/Install/systemc231/src'
UNDEF_SYMBOLS='-Wl,-noinhibit-exec'
VERSION='2.0.0'
ac_ct_AR='ar'
ac_ct_CC='gcc'
ac_ct_CXX='g++'
ac_ct_DUMPBIN=''
am__EXEEXT_FALSE=''
am__EXEEXT_TRUE='#'
am__fastdepCC_FALSE='#'
am__fastdepCC_TRUE=''
am__fastdepCXX_FALSE='#'
am__fastdepCXX_TRUE=''
am__include='include'
am__isrc=' -I$(srcdir)'
am__leading_dot='.'
am__nodep='_no'
am__quote=''
am__tar='$${TAR-tar} chof - "$$tardir"'
am__untar='$${TAR-tar} xf -'
ax_pthread_config=''
bindir='${exec_prefix}/bin'
build='x86_64-unknown-linux-gnu'
build_alias=''
build_cpu='x86_64'
build_os='linux-gnu'
build_vendor='unknown'
cxxDepFlags='-M -MMD'
datadir='${datarootdir}'
datarootdir='${prefix}/share'
docdir='${datarootdir}/doc/${PACKAGE_TARNAME}'
dvidir='${docdir}'
exec_prefix='${prefix}'
extraExamples=''
host='x86_64-unknown-linux-gnu'
host_alias=''
host_cpu='x86_64'
host_os='linux-gnu'
host_vendor='unknown'
htmldir='${docdir}'
includedir='${prefix}/include'
infodir='${datarootdir}/info'
install_sh='${SHELL} /home/harold/workspace/BlockDesigner/scv-2.0.0/config/install-sh'
libdir='/home/harold/workspace/Install/scv200/lib-linux64'
libexecdir='${exec_prefix}/libexec'
localedir='${datarootdir}/locale'
localstatedir='${prefix}/var'
mandir='${datarootdir}/man'
mkdir_p='$(MKDIR_P)'
oldincludedir='/usr/include'
pdfDocSrcDir='/home/harold/workspace/BlockDesigner/scv-2.0.0/objdir/docs/scv'
pdfdir='${docdir}'
prefix='/home/harold/workspace/Install/scv200'
program_transform_name='s,x,x,'
psdir='${docdir}'
pure_ld_opts='-best-effort -always-use-cache-dir -thread_stack_change=0x4000 -max-threads=200 -cache-dir=/home/harold/workspace/BlockDesigner/scv-2.0.0/objdir/purecache'
purecache='/home/harold/workspace/BlockDesigner/scv-2.0.0/objdir/purecache'
relocate=''
sbindir='${exec_prefix}/sbin'
scvLinkerOpts=' -export-dynamic -Wl,-noinhibit-exec'
sharedstatedir='${prefix}/com'
sysconfdir='${prefix}/etc'
target='x86_64-unknown-linux-gnu'
target_alias=''
target_cpu='x86_64'
target_os='linux-gnu'
target_vendor='unknown'

## ----------- ##
## confdefs.h. ##
## ----------- ##

/* confdefs.h */
#define PACKAGE_NAME "SCV"
#define PACKAGE_TARNAME "scv"
#define PACKAGE_VERSION "2.0.0"
#define PACKAGE_STRING "SCV 2.0.0"
#define PACKAGE_BUGREPORT ""
#define PACKAGE_URL ""
#define PACKAGE "scv"
#define VERSION "2.0.0"
#define HAVE_PTHREAD 1
#define STDC_HEADERS 1
#define HAVE_SYS_TYPES_H 1
#define HAVE_SYS_STAT_H 1
#define HAVE_STDLIB_H 1
#define HAVE_STRING_H 1
#define HAVE_MEMORY_H 1
#define HAVE_STRINGS_H 1
#define HAVE_INTTYPES_H 1
#define HAVE_STDINT_H 1
#define HAVE_UNISTD_H 1
#define HAVE_DLFCN_H 1
#define LT_OBJDIR ".libs/"
#define SIZEOF_INT 4
#define SIZEOF_LONG 8
#define SIZEOF_VOID_P 8

configure: exit 0
